TN:
SF:src/GaugeController.sol
FN:66,GaugeController.setGovernance
FNDA:0,GaugeController.setGovernance
DA:67,0
FN:72,GaugeController._get_sum
FNDA:118,GaugeController._get_sum
DA:73,118
DA:74,118
DA:75,118
DA:76,720
BRDA:76,0,0,603
BRDA:76,0,1,117
DA:77,603
DA:78,603
DA:79,603
BRDA:79,1,0,85
BRDA:79,1,1,518
DA:80,85
DA:81,85
DA:82,85
DA:84,518
DA:85,518
DA:87,603
DA:88,603
BRDA:88,2,0,603
BRDA:88,2,1,39
DA:90,117
FN:97,GaugeController._get_weight
FNDA:96,GaugeController._get_weight
DA:98,96
DA:99,96
BRDA:99,3,0,171
BRDA:99,3,1,44
DA:100,71
DA:101,71
DA:102,242
BRDA:102,4,0,171
BRDA:102,4,1,71
DA:103,171
DA:104,171
DA:105,171
BRDA:105,5,0,169
BRDA:105,5,1,2
DA:106,169
DA:107,169
DA:108,169
DA:110,2
DA:111,2
DA:113,171
DA:114,171
BRDA:114,6,0,171
BRDA:114,6,1,44
DA:116,71
DA:118,25
FN:124,GaugeController.add_gauge
FNDA:26,GaugeController.add_gauge
DA:125,26
BRDA:125,7,0,-
BRDA:125,7,1,-
DA:126,26
DA:127,25
DA:128,25
FN:134,GaugeController.remove_gauge
FNDA:2,GaugeController.remove_gauge
DA:135,2
BRDA:135,8,0,-
BRDA:135,8,1,-
DA:136,2
DA:137,1
DA:138,1
FN:142,GaugeController.checkpoint
FNDA:0,GaugeController.checkpoint
DA:143,0
FN:148,GaugeController.checkpoint_gauge
FNDA:43,GaugeController.checkpoint_gauge
DA:149,43
DA:150,43
FN:159,GaugeController._gauge_relative_weight
FNDA:54,GaugeController._gauge_relative_weight
DA:160,54
DA:161,54
DA:162,54
BRDA:162,9,0,48
BRDA:162,9,1,6
DA:163,48
DA:164,48
DA:166,6
FN:176,GaugeController.gauge_relative_weight
FNDA:50,GaugeController.gauge_relative_weight
DA:177,50
FN:186,GaugeController.gauge_relative_weight_write
FNDA:4,GaugeController.gauge_relative_weight_write
DA:187,4
DA:188,4
DA:189,4
FN:195,GaugeController._change_gauge_weight
FNDA:25,GaugeController._change_gauge_weight
DA:196,25
DA:197,25
DA:198,25
DA:200,25
DA:201,25
DA:203,25
DA:204,25
DA:205,25
FN:208,GaugeController._remove_gauge_weight
FNDA:2,GaugeController._remove_gauge_weight
DA:209,2
DA:210,2
DA:211,2
DA:213,2
DA:215,2
DA:216,2
DA:218,2
DA:219,2
DA:220,2
DA:223,2
DA:224,526
DA:225,526
DA:226,526
BRDA:226,10,0,526
BRDA:226,10,1,-
DA:227,0
DA:228,0
FN:235,GaugeController.remove_gauge_weight
FNDA:1,GaugeController.remove_gauge_weight
DA:236,1
FN:242,GaugeController.vote_for_gauge_weights
FNDA:28,GaugeController.vote_for_gauge_weights
DA:243,28
BRDA:243,11,0,28
BRDA:243,11,1,28
DA:244,27
BRDA:244,12,0,27
BRDA:244,12,1,25
DA:245,26
DA:246,26
DA:251,26
DA:252,26
BRDA:252,13,0,-
BRDA:252,13,1,-
DA:253,26
DA:254,28
DA:255,26
DA:256,26
BRDA:256,14,0,-
BRDA:256,14,1,-
DA:257,24
DA:258,24
DA:259,24
BRDA:259,15,0,24
BRDA:259,15,1,3
DA:260,24
DA:261,26
DA:266,24
DA:267,24
DA:270,24
DA:271,24
DA:272,24
BRDA:272,16,0,24
BRDA:272,16,1,24
DA:273,22
DA:278,22
DA:279,22
DA:280,22
DA:281,22
DA:283,22
DA:284,22
DA:285,22
BRDA:285,17,0,3
BRDA:285,17,1,19
DA:286,3
DA:289,3
DA:291,19
DA:292,19
DA:294,22
BRDA:294,18,0,3
BRDA:294,18,1,-
DA:297,3
BRDA:297,19,0,3
BRDA:297,19,1,-
DA:298,3
DA:300,0
DA:302,3
BRDA:302,20,0,3
BRDA:302,20,1,-
DA:303,3
DA:305,0
DA:309,22
DA:310,22
DA:312,22
DA:314,22
DA:317,22
FN:323,GaugeController.get_gauge_weight
FNDA:6,GaugeController.get_gauge_weight
DA:324,6
FN:329,GaugeController.get_total_weight
FNDA:3,GaugeController.get_total_weight
DA:330,3
FNF:16
FNH:14
LF:124
LH:118
BRF:42
BRH:30
end_of_record
TN:
SF:src/LendingLedger.sol
FN:52,LendingLedger.setGovernance
FNDA:0,LendingLedger.setGovernance
DA:53,0
FN:56,LendingLedger.update_market
FNDA:20,LendingLedger.update_market
DA:57,20
BRDA:57,0,0,-
BRDA:57,0,1,-
DA:58,19
DA:59,19
BRDA:59,1,0,7
BRDA:59,1,1,-
DA:60,10
DA:61,10
BRDA:61,2,0,7
BRDA:61,2,1,-
DA:62,6
DA:63,13
DA:64,7
DA:65,7
DA:66,7
DA:67,7
DA:70,7
DA:71,7
DA:72,7
DA:75,10
FN:82,LendingLedger.sync_ledger
FNDA:11,LendingLedger.sync_ledger
DA:83,11
DA:84,11
DA:85,10
DA:86,10
DA:88,10
BRDA:88,3,0,9
BRDA:88,3,1,1
DA:89,9
DA:90,9
DA:91,9
DA:93,1
DA:94,0
DA:95,0
DA:97,9
DA:98,9
BRDA:98,4,0,-
BRDA:98,4,1,-
DA:99,9
FN:104,LendingLedger.claim
FNDA:9,LendingLedger.claim
DA:105,9
DA:106,9
DA:107,9
DA:108,9
DA:109,9
DA:111,9
DA:113,9
BRDA:113,5,0,9
BRDA:113,5,1,6
DA:114,6
DA:115,6
BRDA:115,6,0,-
BRDA:115,6,1,-
FN:123,LendingLedger.setRewards
FNDA:6,LendingLedger.setRewards
DA:128,6
BRDA:128,7,0,6
BRDA:128,7,1,5
DA:129,30
DA:130,30
FN:137,LendingLedger.whiteListLendingMarket
FNDA:12,LendingLedger.whiteListLendingMarket
DA:138,12
BRDA:138,8,0,-
BRDA:138,8,1,-
DA:139,12
DA:140,11
BRDA:140,9,0,11
BRDA:140,9,1,10
DA:141,10
FNF:6
FNH:5
LF:46
LH:43
BRF:20
BRH:10
end_of_record
TN:
SF:src/VotingEscrow.sol
FN:84,VotingEscrow.lockEnd
FNDA:28,VotingEscrow.lockEnd
DA:85,28
FN:93,VotingEscrow.getLastUserPoint
FNDA:26,VotingEscrow.getLastUserPoint
DA:102,26
DA:103,26
BRDA:103,0,0,25
BRDA:103,0,1,1
DA:104,1
DA:106,25
DA:107,25
FN:114,VotingEscrow._checkpoint
FNDA:281,VotingEscrow._checkpoint
DA:119,281
DA:120,281
DA:121,281
DA:122,281
DA:123,281
DA:125,281
BRDA:125,1,0,-
BRDA:125,1,1,20
DA:128,21
BRDA:128,2,0,21
BRDA:128,2,1,-
DA:129,0
DA:130,0
DA:132,21
BRDA:132,3,0,21
BRDA:132,3,1,20
DA:133,20
DA:134,20
DA:140,21
DA:141,21
BRDA:141,4,0,21
BRDA:141,4,1,20
DA:142,20
DA:145,21
DA:146,21
DA:147,21
DA:148,21
DA:155,21
DA:156,21
BRDA:156,5,0,-
BRDA:156,5,1,20
DA:157,20
BRDA:157,6,0,-
BRDA:157,6,1,20
DA:158,0
DA:160,20
DA:165,281
DA:166,281
BRDA:166,7,0,281
BRDA:166,7,1,264
DA:167,264
DA:169,281
DA:174,281
DA:175,281
DA:176,281
BRDA:176,8,0,281
BRDA:176,8,1,261
DA:177,261
DA:183,281
DA:184,281
DA:187,795
DA:188,795
DA:189,795
BRDA:189,9,0,280
BRDA:189,9,1,515
DA:190,280
DA:192,515
DA:194,280
DA:195,280
DA:196,280
DA:198,795
BRDA:198,10,0,795
BRDA:198,10,1,-
DA:199,0
DA:202,795
BRDA:202,11,0,795
BRDA:202,11,1,-
DA:203,0
DA:205,795
DA:206,795
DA:207,795
DA:210,795
DA:211,795
BRDA:211,12,0,280
BRDA:211,12,1,515
DA:212,280
DA:213,0
DA:215,515
DA:219,281
DA:222,0
BRDA:222,13,0,21
BRDA:222,13,1,-
DA:225,21
DA:226,21
DA:227,21
BRDA:227,14,0,21
BRDA:227,14,1,-
DA:228,0
DA:230,21
BRDA:230,15,0,21
BRDA:230,15,1,-
DA:231,0
DA:236,280
DA:238,0
BRDA:238,16,0,-
BRDA:238,16,1,-
DA:242,21
BRDA:242,17,0,-
BRDA:242,17,1,-
DA:244,0
DA:245,0
BRDA:245,18,0,-
BRDA:245,18,1,-
DA:246,0
DA:248,0
DA:250,21
BRDA:250,19,0,20
BRDA:250,19,1,20
DA:251,20
BRDA:251,20,0,20
BRDA:251,20,1,20
DA:252,20
DA:253,20
FN:261,VotingEscrow.checkpoint
FNDA:260,VotingEscrow.checkpoint
DA:262,260
DA:263,260
FN:267,VotingEscrow.createLock
FNDA:24,VotingEscrow.createLock
DA:268,24
DA:269,24
DA:271,24
BRDA:271,21,0,-
BRDA:271,21,1,-
DA:272,23
BRDA:272,22,0,-
BRDA:272,22,1,-
DA:273,21
BRDA:273,23,0,-
BRDA:273,23,1,-
DA:275,20
DA:276,20
DA:277,21
DA:278,20
DA:279,24
DA:280,24
DA:282,20
FN:287,VotingEscrow.increaseAmount
FNDA:4,VotingEscrow.increaseAmount
DA:288,4
DA:290,4
BRDA:290,24,0,-
BRDA:290,24,1,-
DA:291,3
BRDA:291,25,0,-
BRDA:291,25,1,-
DA:292,1
BRDA:292,26,0,-
BRDA:292,26,1,-
DA:293,0
BRDA:293,27,0,-
BRDA:293,27,1,-
DA:295,0
DA:296,0
DA:297,0
DA:298,0
DA:299,0
DA:300,0
DA:301,0
BRDA:301,28,0,-
BRDA:301,28,1,-
DA:303,0
DA:304,0
DA:305,0
DA:306,0
DA:309,0
DA:310,0
DA:312,0
DA:313,0
BRDA:313,29,0,-
BRDA:313,29,1,-
DA:314,0
BRDA:314,30,0,-
BRDA:314,30,1,-
DA:315,0
DA:316,0
DA:317,0
DA:318,0
DA:319,0
DA:321,0
FN:325,VotingEscrow.withdraw
FNDA:3,VotingEscrow.withdraw
DA:326,3
DA:328,3
BRDA:328,31,0,-
BRDA:328,31,1,-
DA:329,2
BRDA:329,32,0,-
BRDA:329,32,1,-
DA:330,1
BRDA:330,33,0,-
BRDA:330,33,1,-
DA:332,1
DA:333,1
DA:334,1
DA:335,1
DA:336,2
DA:337,1
DA:338,1
DA:339,1
DA:343,2
DA:345,1
DA:346,3
BRDA:346,34,0,-
BRDA:346,34,1,-
DA:347,1
FN:351,VotingEscrow._copyLock
FNDA:1,VotingEscrow._copyLock
DA:352,1
DA:353,1
FN:363,VotingEscrow._floorToWeek
FNDA:1346,VotingEscrow._floorToWeek
DA:364,1346
FN:370,VotingEscrow._findBlockEpoch
FNDA:520,VotingEscrow._findBlockEpoch
DA:372,520
DA:373,520
DA:375,520
DA:376,4714
BRDA:376,35,0,4194
BRDA:376,35,1,520
DA:377,4194
DA:378,4194
BRDA:378,36,0,4194
BRDA:378,36,1,-
DA:379,4194
DA:381,0
DA:384,0
FN:390,VotingEscrow._findUserBlockEpoch
FNDA:0,VotingEscrow._findUserBlockEpoch
DA:391,0
DA:392,0
DA:393,0
DA:394,0
BRDA:394,37,0,-
BRDA:394,37,1,-
DA:395,0
DA:397,0
DA:398,0
BRDA:398,38,0,-
BRDA:398,38,1,-
DA:399,0
DA:401,0
DA:404,0
FN:412,VotingEscrow.balanceOf
FNDA:0,VotingEscrow.balanceOf
DA:413,0
DA:414,0
BRDA:414,39,0,-
BRDA:414,39,1,-
DA:415,0
DA:417,0
DA:418,0
DA:419,0
BRDA:419,40,0,-
BRDA:419,40,1,-
DA:420,0
DA:422,0
FN:426,VotingEscrow.balanceOfAt
FNDA:0,VotingEscrow.balanceOfAt
DA:427,0
BRDA:427,41,0,-
BRDA:427,41,1,-
DA:430,0
DA:431,0
BRDA:431,42,0,-
BRDA:431,42,1,-
DA:432,0
DA:434,0
DA:437,0
DA:438,0
DA:439,0
DA:444,0
DA:445,0
DA:446,0
BRDA:446,43,0,-
BRDA:446,43,1,-
DA:447,0
DA:448,0
DA:449,0
DA:451,0
DA:452,0
DA:455,0
DA:456,0
BRDA:456,44,0,-
BRDA:456,44,1,-
DA:457,0
DA:460,0
DA:461,0
BRDA:461,45,0,-
BRDA:461,45,1,-
DA:462,0
DA:464,0
FN:469,VotingEscrow.totalSupply
FNDA:521,VotingEscrow.totalSupply
DA:470,521
DA:471,521
DA:472,521
FN:476,VotingEscrow.totalSupplyAt
FNDA:521,VotingEscrow.totalSupplyAt
DA:477,521
BRDA:477,46,0,-
BRDA:477,46,1,-
DA:479,520
DA:480,520
DA:482,520
DA:485,520
BRDA:485,47,0,520
BRDA:485,47,1,-
DA:486,0
DA:489,520
DA:490,520
BRDA:490,48,0,-
BRDA:490,48,1,-
DA:491,0
DA:492,0
BRDA:492,49,0,-
BRDA:492,49,1,-
DA:493,0
DA:495,520
BRDA:495,50,0,520
BRDA:495,50,1,-
DA:496,0
DA:499,520
FN:506,VotingEscrow._supplyAt
FNDA:1041,VotingEscrow._supplyAt
DA:507,0
DA:509,1041
DA:511,1041
DA:512,1041
DA:513,1041
DA:515,1041
BRDA:515,51,0,1041
BRDA:515,51,1,-
DA:516,1041
DA:520,0
DA:523,1041
DA:524,1041
BRDA:524,52,0,-
BRDA:524,52,1,1041
DA:525,1041
DA:527,0
DA:528,0
DA:531,1041
BRDA:531,53,0,1041
BRDA:531,53,1,-
DA:532,0
DA:534,1041
FNF:16
FNH:13
LF:222
LH:132
BRF:108
BRH:35
end_of_record
TN:
SF:src/test/LendingLedger.t.sol
FN:11,DummyGaugeController.gauge_relative_weight_write
FNDA:7,DummyGaugeController.gauge_relative_weight_write
DA:12,7
FNF:1
FNH:1
LF:1
LH:1
BRF:0
BRH:0
end_of_record
TN:
SF:src/test/utils/Console.sol
FN:8,console._sendLogPayload
FNDA:0,console._sendLogPayload
DA:9,0
DA:10,0
FN:17,console.log
FNDA:0,console.log
DA:18,0
FN:21,console.logInt
FNDA:0,console.logInt
DA:22,0
FN:25,console.logUint
FNDA:0,console.logUint
DA:26,0
FN:29,console.logString
FNDA:0,console.logString
DA:30,0
FN:33,console.logBool
FNDA:0,console.logBool
DA:34,0
FN:37,console.logAddress
FNDA:0,console.logAddress
DA:38,0
FN:41,console.logBytes
FNDA:0,console.logBytes
DA:42,0
FN:45,console.logBytes1
FNDA:0,console.logBytes1
DA:46,0
FN:49,console.logBytes2
FNDA:0,console.logBytes2
DA:50,0
FN:53,console.logBytes3
FNDA:0,console.logBytes3
DA:54,0
FN:57,console.logBytes4
FNDA:0,console.logBytes4
DA:58,0
FN:61,console.logBytes5
FNDA:0,console.logBytes5
DA:62,0
FN:65,console.logBytes6
FNDA:0,console.logBytes6
DA:66,0
FN:69,console.logBytes7
FNDA:0,console.logBytes7
DA:70,0
FN:73,console.logBytes8
FNDA:0,console.logBytes8
DA:74,0
FN:77,console.logBytes9
FNDA:0,console.logBytes9
DA:78,0
FN:81,console.logBytes10
FNDA:0,console.logBytes10
DA:82,0
FN:85,console.logBytes11
FNDA:0,console.logBytes11
DA:86,0
FN:89,console.logBytes12
FNDA:0,console.logBytes12
DA:90,0
FN:93,console.logBytes13
FNDA:0,console.logBytes13
DA:94,0
FN:97,console.logBytes14
FNDA:0,console.logBytes14
DA:98,0
FN:101,console.logBytes15
FNDA:0,console.logBytes15
DA:102,0
FN:105,console.logBytes16
FNDA:0,console.logBytes16
DA:106,0
FN:109,console.logBytes17
FNDA:0,console.logBytes17
DA:110,0
FN:113,console.logBytes18
FNDA:0,console.logBytes18
DA:114,0
FN:117,console.logBytes19
FNDA:0,console.logBytes19
DA:118,0
FN:121,console.logBytes20
FNDA:0,console.logBytes20
DA:122,0
FN:125,console.logBytes21
FNDA:0,console.logBytes21
DA:126,0
FN:129,console.logBytes22
FNDA:0,console.logBytes22
DA:130,0
FN:133,console.logBytes23
FNDA:0,console.logBytes23
DA:134,0
FN:137,console.logBytes24
FNDA:0,console.logBytes24
DA:138,0
FN:141,console.logBytes25
FNDA:0,console.logBytes25
DA:142,0
FN:145,console.logBytes26
FNDA:0,console.logBytes26
DA:146,0
FN:149,console.logBytes27
FNDA:0,console.logBytes27
DA:150,0
FN:153,console.logBytes28
FNDA:0,console.logBytes28
DA:154,0
FN:157,console.logBytes29
FNDA:0,console.logBytes29
DA:158,0
FN:161,console.logBytes30
FNDA:0,console.logBytes30
DA:162,0
FN:165,console.logBytes31
FNDA:0,console.logBytes31
DA:166,0
FN:169,console.logBytes32
FNDA:0,console.logBytes32
DA:170,0
FN:173,console.log
FNDA:0,console.log
DA:174,0
DA:175,0
DA:177,0
FN:182,console.log
FNDA:0,console.log
DA:183,0
FN:186,console.log
FNDA:0,console.log
DA:187,0
DA:188,0
DA:190,0
FN:195,console.log
FNDA:0,console.log
DA:196,0
FN:199,console.log
FNDA:0,console.log
DA:200,0
DA:201,0
DA:203,0
FN:208,console.log
FNDA:0,console.log
DA:209,0
FN:212,console.log
FNDA:0,console.log
DA:213,0
DA:214,0
DA:216,0
FN:221,console.log
FNDA:0,console.log
DA:222,0
FN:225,console.log
FNDA:0,console.log
DA:226,0
DA:227,0
DA:229,0
FN:234,console.log
FNDA:0,console.log
DA:235,0
FN:238,console.log
FNDA:0,console.log
DA:239,0
FN:242,console.log
FNDA:0,console.log
DA:243,0
FN:246,console.log
FNDA:0,console.log
DA:247,0
FN:250,console.log
FNDA:0,console.log
DA:251,0
FN:254,console.log
FNDA:0,console.log
DA:255,0
FN:258,console.log
FNDA:0,console.log
DA:259,0
FN:262,console.log
FNDA:0,console.log
DA:263,0
FN:266,console.log
FNDA:0,console.log
DA:267,0
FN:270,console.log
FNDA:0,console.log
DA:271,0
FN:274,console.log
FNDA:0,console.log
DA:275,0
FN:278,console.log
FNDA:0,console.log
DA:279,0
FN:282,console.log
FNDA:0,console.log
DA:283,0
FN:286,console.log
FNDA:0,console.log
DA:287,0
FN:290,console.log
FNDA:0,console.log
DA:291,0
FN:294,console.log
FNDA:0,console.log
DA:295,0
FN:298,console.log
FNDA:0,console.log
DA:303,0
FN:306,console.log
FNDA:0,console.log
DA:311,0
FN:314,console.log
FNDA:0,console.log
DA:319,0
FN:322,console.log
FNDA:0,console.log
DA:327,0
FN:330,console.log
FNDA:0,console.log
DA:335,0
FN:338,console.log
FNDA:0,console.log
DA:343,0
FN:346,console.log
FNDA:0,console.log
DA:351,0
FN:354,console.log
FNDA:0,console.log
DA:359,0
FN:362,console.log
FNDA:0,console.log
DA:367,0
FN:370,console.log
FNDA:0,console.log
DA:375,0
FN:378,console.log
FNDA:0,console.log
DA:383,0
FN:386,console.log
FNDA:0,console.log
DA:391,0
FN:394,console.log
FNDA:0,console.log
DA:399,0
FN:402,console.log
FNDA:0,console.log
DA:407,0
FN:410,console.log
FNDA:0,console.log
DA:415,0
FN:418,console.log
FNDA:0,console.log
DA:423,0
FN:426,console.log
FNDA:0,console.log
DA:431,0
FN:434,console.log
FNDA:0,console.log
DA:439,0
FN:442,console.log
FNDA:0,console.log
DA:447,0
FN:450,console.log
FNDA:0,console.log
DA:455,0
FN:458,console.log
FNDA:0,console.log
DA:463,0
FN:466,console.log
FNDA:0,console.log
DA:471,0
FN:474,console.log
FNDA:0,console.log
DA:479,0
FN:482,console.log
FNDA:0,console.log
DA:487,0
FN:490,console.log
FNDA:0,console.log
DA:495,0
FN:498,console.log
FNDA:0,console.log
DA:503,0
FN:506,console.log
FNDA:0,console.log
DA:511,0
FN:514,console.log
FNDA:0,console.log
DA:519,0
FN:522,console.log
FNDA:0,console.log
DA:527,0
FN:530,console.log
FNDA:0,console.log
DA:535,0
FN:538,console.log
FNDA:0,console.log
DA:543,0
FN:546,console.log
FNDA:0,console.log
DA:551,0
FN:554,console.log
FNDA:0,console.log
DA:559,0
FN:562,console.log
FNDA:0,console.log
DA:567,0
FN:570,console.log
FNDA:0,console.log
DA:575,0
FN:578,console.log
FNDA:0,console.log
DA:583,0
FN:586,console.log
FNDA:0,console.log
DA:591,0
FN:594,console.log
FNDA:0,console.log
DA:599,0
FN:602,console.log
FNDA:0,console.log
DA:607,0
FN:610,console.log
FNDA:0,console.log
DA:615,0
FN:618,console.log
FNDA:0,console.log
DA:623,0
FN:626,console.log
FNDA:0,console.log
DA:631,0
FN:634,console.log
FNDA:0,console.log
DA:639,0
FN:642,console.log
FNDA:0,console.log
DA:647,0
FN:650,console.log
FNDA:0,console.log
DA:655,0
FN:658,console.log
FNDA:0,console.log
DA:663,0
FN:666,console.log
FNDA:0,console.log
DA:671,0
FN:674,console.log
FNDA:0,console.log
DA:679,0
FN:682,console.log
FNDA:0,console.log
DA:687,0
FN:690,console.log
FNDA:0,console.log
DA:695,0
FN:698,console.log
FNDA:0,console.log
DA:703,0
FN:706,console.log
FNDA:0,console.log
DA:711,0
FN:714,console.log
FNDA:0,console.log
DA:719,0
FN:722,console.log
FNDA:0,console.log
DA:727,0
FN:730,console.log
FNDA:0,console.log
DA:735,0
FN:738,console.log
FNDA:0,console.log
DA:743,0
FN:746,console.log
FNDA:0,console.log
DA:751,0
FN:754,console.log
FNDA:0,console.log
DA:759,0
FN:762,console.log
FNDA:0,console.log
DA:767,0
FN:770,console.log
FNDA:0,console.log
DA:775,0
FN:778,console.log
FNDA:0,console.log
DA:783,0
FN:786,console.log
FNDA:0,console.log
DA:791,0
FN:794,console.log
FNDA:0,console.log
DA:799,0
FN:802,console.log
FNDA:0,console.log
DA:807,0
FN:810,console.log
FNDA:0,console.log
DA:816,0
FN:819,console.log
FNDA:0,console.log
DA:825,0
FN:828,console.log
FNDA:0,console.log
DA:834,0
FN:837,console.log
FNDA:0,console.log
DA:843,0
FN:846,console.log
FNDA:0,console.log
DA:852,0
FN:855,console.log
FNDA:0,console.log
DA:861,0
FN:864,console.log
FNDA:0,console.log
DA:870,0
FN:873,console.log
FNDA:0,console.log
DA:879,0
FN:882,console.log
FNDA:0,console.log
DA:888,0
FN:891,console.log
FNDA:0,console.log
DA:897,0
FN:900,console.log
FNDA:0,console.log
DA:906,0
FN:909,console.log
FNDA:0,console.log
DA:915,0
FN:918,console.log
FNDA:0,console.log
DA:924,0
FN:927,console.log
FNDA:0,console.log
DA:933,0
FN:936,console.log
FNDA:0,console.log
DA:942,0
FN:945,console.log
FNDA:0,console.log
DA:951,0
FN:954,console.log
FNDA:0,console.log
DA:960,0
FN:963,console.log
FNDA:0,console.log
DA:969,0
FN:972,console.log
FNDA:0,console.log
DA:978,0
FN:981,console.log
FNDA:0,console.log
DA:987,0
FN:990,console.log
FNDA:0,console.log
DA:996,0
FN:999,console.log
FNDA:0,console.log
DA:1005,0
FN:1008,console.log
FNDA:0,console.log
DA:1014,0
FN:1017,console.log
FNDA:0,console.log
DA:1023,0
FN:1026,console.log
FNDA:0,console.log
DA:1032,0
FN:1035,console.log
FNDA:0,console.log
DA:1041,0
FN:1044,console.log
FNDA:0,console.log
DA:1050,0
FN:1053,console.log
FNDA:0,console.log
DA:1059,0
FN:1062,console.log
FNDA:0,console.log
DA:1068,0
FN:1071,console.log
FNDA:0,console.log
DA:1077,0
FN:1080,console.log
FNDA:0,console.log
DA:1086,0
FN:1089,console.log
FNDA:0,console.log
DA:1095,0
FN:1098,console.log
FNDA:0,console.log
DA:1104,0
FN:1107,console.log
FNDA:0,console.log
DA:1113,0
FN:1116,console.log
FNDA:0,console.log
DA:1122,0
FN:1125,console.log
FNDA:0,console.log
DA:1131,0
FN:1134,console.log
FNDA:0,console.log
DA:1140,0
FN:1143,console.log
FNDA:0,console.log
DA:1149,0
FN:1152,console.log
FNDA:0,console.log
DA:1158,0
FN:1161,console.log
FNDA:0,console.log
DA:1167,0
FN:1170,console.log
FNDA:0,console.log
DA:1176,0
FN:1179,console.log
FNDA:0,console.log
DA:1185,0
FN:1188,console.log
FNDA:0,console.log
DA:1194,0
FN:1197,console.log
FNDA:0,console.log
DA:1203,0
FN:1206,console.log
FNDA:0,console.log
DA:1212,0
FN:1215,console.log
FNDA:0,console.log
DA:1221,0
FN:1224,console.log
FNDA:0,console.log
DA:1230,0
FN:1233,console.log
FNDA:0,console.log
DA:1239,0
FN:1242,console.log
FNDA:0,console.log
DA:1248,0
FN:1251,console.log
FNDA:0,console.log
DA:1257,0
FN:1260,console.log
FNDA:0,console.log
DA:1266,0
FN:1269,console.log
FNDA:0,console.log
DA:1275,0
FN:1278,console.log
FNDA:0,console.log
DA:1284,0
FN:1287,console.log
FNDA:0,console.log
DA:1293,0
FN:1296,console.log
FNDA:0,console.log
DA:1302,0
FN:1305,console.log
FNDA:0,console.log
DA:1311,0
FN:1314,console.log
FNDA:0,console.log
DA:1320,0
FN:1323,console.log
FNDA:0,console.log
DA:1329,0
FN:1332,console.log
FNDA:0,console.log
DA:1338,0
FN:1341,console.log
FNDA:0,console.log
DA:1347,0
FN:1350,console.log
FNDA:0,console.log
DA:1356,0
FN:1359,console.log
FNDA:0,console.log
DA:1365,0
FN:1368,console.log
FNDA:0,console.log
DA:1374,0
FN:1377,console.log
FNDA:0,console.log
DA:1383,0
FN:1386,console.log
FNDA:0,console.log
DA:1392,0
FN:1395,console.log
FNDA:0,console.log
DA:1401,0
FN:1404,console.log
FNDA:0,console.log
DA:1410,0
FN:1413,console.log
FNDA:0,console.log
DA:1419,0
FN:1422,console.log
FNDA:0,console.log
DA:1428,0
FN:1431,console.log
FNDA:0,console.log
DA:1437,0
FN:1440,console.log
FNDA:0,console.log
DA:1446,0
FN:1449,console.log
FNDA:0,console.log
DA:1455,0
FN:1458,console.log
FNDA:0,console.log
DA:1464,0
FN:1467,console.log
FNDA:0,console.log
DA:1473,0
FN:1476,console.log
FNDA:0,console.log
DA:1482,0
FN:1485,console.log
FNDA:0,console.log
DA:1491,0
FN:1494,console.log
FNDA:0,console.log
DA:1500,0
FN:1503,console.log
FNDA:0,console.log
DA:1509,0
FN:1512,console.log
FNDA:0,console.log
DA:1518,0
FN:1521,console.log
FNDA:0,console.log
DA:1527,0
FN:1530,console.log
FNDA:0,console.log
DA:1536,0
FN:1539,console.log
FNDA:0,console.log
DA:1545,0
FN:1548,console.log
FNDA:0,console.log
DA:1554,0
FN:1557,console.log
FNDA:0,console.log
DA:1563,0
FN:1566,console.log
FNDA:0,console.log
DA:1572,0
FN:1575,console.log
FNDA:0,console.log
DA:1581,0
FN:1584,console.log
FNDA:0,console.log
DA:1590,0
FN:1593,console.log
FNDA:0,console.log
DA:1599,0
FN:1602,console.log
FNDA:0,console.log
DA:1608,0
FN:1611,console.log
FNDA:0,console.log
DA:1617,0
FN:1620,console.log
FNDA:0,console.log
DA:1626,0
FN:1629,console.log
FNDA:0,console.log
DA:1635,0
FN:1638,console.log
FNDA:0,console.log
DA:1644,0
FN:1647,console.log
FNDA:0,console.log
DA:1653,0
FN:1656,console.log
FNDA:0,console.log
DA:1662,0
FN:1665,console.log
FNDA:0,console.log
DA:1671,0
FN:1674,console.log
FNDA:0,console.log
DA:1680,0
FN:1683,console.log
FNDA:0,console.log
DA:1689,0
FN:1692,console.log
FNDA:0,console.log
DA:1698,0
FN:1701,console.log
FNDA:0,console.log
DA:1707,0
FN:1710,console.log
FNDA:0,console.log
DA:1716,0
FN:1719,console.log
FNDA:0,console.log
DA:1725,0
FN:1728,console.log
FNDA:0,console.log
DA:1734,0
FN:1737,console.log
FNDA:0,console.log
DA:1743,0
FN:1746,console.log
FNDA:0,console.log
DA:1752,0
FN:1755,console.log
FNDA:0,console.log
DA:1761,0
FN:1764,console.log
FNDA:0,console.log
DA:1770,0
FN:1773,console.log
FNDA:0,console.log
DA:1779,0
FN:1782,console.log
FNDA:0,console.log
DA:1788,0
FN:1791,console.log
FNDA:0,console.log
DA:1797,0
FN:1800,console.log
FNDA:0,console.log
DA:1806,0
FN:1809,console.log
FNDA:0,console.log
DA:1815,0
FN:1818,console.log
FNDA:0,console.log
DA:1824,0
FN:1827,console.log
FNDA:0,console.log
DA:1833,0
FN:1836,console.log
FNDA:0,console.log
DA:1842,0
FN:1845,console.log
FNDA:0,console.log
DA:1851,0
FN:1854,console.log
FNDA:0,console.log
DA:1860,0
FN:1863,console.log
FNDA:0,console.log
DA:1869,0
FN:1872,console.log
FNDA:0,console.log
DA:1878,0
FN:1881,console.log
FNDA:0,console.log
DA:1887,0
FN:1890,console.log
FNDA:0,console.log
DA:1896,0
FN:1899,console.log
FNDA:0,console.log
DA:1905,0
FN:1908,console.log
FNDA:0,console.log
DA:1914,0
FN:1917,console.log
FNDA:0,console.log
DA:1923,0
FN:1926,console.log
FNDA:0,console.log
DA:1932,0
FN:1935,console.log
FNDA:0,console.log
DA:1941,0
FN:1944,console.log
FNDA:0,console.log
DA:1950,0
FN:1953,console.log
FNDA:0,console.log
DA:1959,0
FN:1962,console.log
FNDA:0,console.log
DA:1968,0
FN:1971,console.log
FNDA:0,console.log
DA:1977,0
FN:1980,console.log
FNDA:0,console.log
DA:1986,0
FN:1989,console.log
FNDA:0,console.log
DA:1995,0
FN:1998,console.log
FNDA:0,console.log
DA:2004,0
FN:2007,console.log
FNDA:0,console.log
DA:2013,0
FN:2016,console.log
FNDA:0,console.log
DA:2022,0
FN:2025,console.log
FNDA:0,console.log
DA:2031,0
FN:2034,console.log
FNDA:0,console.log
DA:2040,0
FN:2043,console.log
FNDA:0,console.log
DA:2049,0
FN:2052,console.log
FNDA:0,console.log
DA:2058,0
FN:2061,console.log
FNDA:0,console.log
DA:2067,0
FN:2070,console.log
FNDA:0,console.log
DA:2076,0
FN:2079,console.log
FNDA:0,console.log
DA:2085,0
FN:2088,console.log
FNDA:0,console.log
DA:2094,0
FN:2097,console.log
FNDA:0,console.log
DA:2103,0
FN:2106,console.log
FNDA:0,console.log
DA:2112,0
FN:2115,console.log
FNDA:0,console.log
DA:2121,0
FN:2124,console.log
FNDA:0,console.log
DA:2130,0
FN:2133,console.log
FNDA:0,console.log
DA:2139,0
FN:2142,console.log
FNDA:0,console.log
DA:2148,0
FN:2151,console.log
FNDA:0,console.log
DA:2157,0
FN:2160,console.log
FNDA:0,console.log
DA:2166,0
FN:2169,console.log
FNDA:0,console.log
DA:2175,0
FN:2178,console.log
FNDA:0,console.log
DA:2184,0
FN:2187,console.log
FNDA:0,console.log
DA:2193,0
FN:2196,console.log
FNDA:0,console.log
DA:2202,0
FN:2205,console.log
FNDA:0,console.log
DA:2211,0
FN:2214,console.log
FNDA:0,console.log
DA:2220,0
FN:2223,console.log
FNDA:0,console.log
DA:2229,0
FN:2232,console.log
FNDA:0,console.log
DA:2238,0
FN:2241,console.log
FNDA:0,console.log
DA:2247,0
FN:2250,console.log
FNDA:0,console.log
DA:2256,0
FN:2259,console.log
FNDA:0,console.log
DA:2265,0
FN:2268,console.log
FNDA:0,console.log
DA:2274,0
FN:2277,console.log
FNDA:0,console.log
DA:2283,0
FN:2286,console.log
FNDA:0,console.log
DA:2292,0
FN:2295,console.log
FNDA:0,console.log
DA:2301,0
FN:2304,console.log
FNDA:0,console.log
DA:2310,0
FN:2313,console.log
FNDA:0,console.log
DA:2319,0
FN:2322,console.log
FNDA:0,console.log
DA:2328,0
FN:2331,console.log
FNDA:0,console.log
DA:2337,0
FN:2340,console.log
FNDA:0,console.log
DA:2346,0
FN:2349,console.log
FNDA:0,console.log
DA:2355,0
FN:2358,console.log
FNDA:0,console.log
DA:2364,0
FN:2367,console.log
FNDA:0,console.log
DA:2373,0
FN:2376,console.log
FNDA:0,console.log
DA:2382,0
FN:2385,console.log
FNDA:0,console.log
DA:2391,0
FN:2394,console.log
FNDA:0,console.log
DA:2400,0
FN:2403,console.log
FNDA:0,console.log
DA:2409,0
FN:2412,console.log
FNDA:0,console.log
DA:2418,0
FN:2421,console.log
FNDA:0,console.log
DA:2427,0
FN:2430,console.log
FNDA:0,console.log
DA:2436,0
FN:2439,console.log
FNDA:0,console.log
DA:2445,0
FN:2448,console.log
FNDA:0,console.log
DA:2454,0
FN:2457,console.log
FNDA:0,console.log
DA:2463,0
FN:2466,console.log
FNDA:0,console.log
DA:2472,0
FN:2475,console.log
FNDA:0,console.log
DA:2481,0
FN:2484,console.log
FNDA:0,console.log
DA:2490,0
FN:2493,console.log
FNDA:0,console.log
DA:2499,0
FN:2502,console.log
FNDA:0,console.log
DA:2508,0
FN:2511,console.log
FNDA:0,console.log
DA:2517,0
FN:2520,console.log
FNDA:0,console.log
DA:2526,0
FN:2529,console.log
FNDA:0,console.log
DA:2535,0
FN:2538,console.log
FNDA:0,console.log
DA:2544,0
FN:2547,console.log
FNDA:0,console.log
DA:2553,0
FN:2556,console.log
FNDA:0,console.log
DA:2562,0
FN:2565,console.log
FNDA:0,console.log
DA:2571,0
FN:2574,console.log
FNDA:0,console.log
DA:2580,0
FN:2583,console.log
FNDA:0,console.log
DA:2589,0
FN:2592,console.log
FNDA:0,console.log
DA:2598,0
FN:2601,console.log
FNDA:0,console.log
DA:2607,0
FN:2610,console.log
FNDA:0,console.log
DA:2616,0
FN:2619,console.log
FNDA:0,console.log
DA:2625,0
FN:2628,console.log
FNDA:0,console.log
DA:2634,0
FN:2637,console.log
FNDA:0,console.log
DA:2643,0
FN:2646,console.log
FNDA:0,console.log
DA:2652,0
FN:2655,console.log
FNDA:0,console.log
DA:2661,0
FN:2664,console.log
FNDA:0,console.log
DA:2670,0
FN:2673,console.log
FNDA:0,console.log
DA:2679,0
FN:2682,console.log
FNDA:0,console.log
DA:2688,0
FN:2691,console.log
FNDA:0,console.log
DA:2697,0
FN:2700,console.log
FNDA:0,console.log
DA:2706,0
FN:2709,console.log
FNDA:0,console.log
DA:2715,0
FN:2718,console.log
FNDA:0,console.log
DA:2724,0
FN:2727,console.log
FNDA:0,console.log
DA:2733,0
FN:2736,console.log
FNDA:0,console.log
DA:2742,0
FN:2745,console.log
FNDA:0,console.log
DA:2751,0
FN:2754,console.log
FNDA:0,console.log
DA:2760,0
FN:2763,console.log
FNDA:0,console.log
DA:2769,0
FN:2772,console.log
FNDA:0,console.log
DA:2778,0
FN:2781,console.log
FNDA:0,console.log
DA:2787,0
FN:2790,console.log
FNDA:0,console.log
DA:2796,0
FN:2799,console.log
FNDA:0,console.log
DA:2805,0
FN:2808,console.log
FNDA:0,console.log
DA:2814,0
FN:2817,console.log
FNDA:0,console.log
DA:2823,0
FN:2826,console.log
FNDA:0,console.log
DA:2832,0
FN:2835,console.log
FNDA:0,console.log
DA:2841,0
FN:2844,console.log
FNDA:0,console.log
DA:2850,0
FN:2853,console.log
FNDA:0,console.log
DA:2859,0
FN:2862,console.log
FNDA:0,console.log
DA:2868,0
FN:2871,console.log
FNDA:0,console.log
DA:2877,0
FN:2880,console.log
FNDA:0,console.log
DA:2886,0
FN:2889,console.log
FNDA:0,console.log
DA:2895,0
FN:2898,console.log
FNDA:0,console.log
DA:2904,0
FN:2907,console.log
FNDA:0,console.log
DA:2913,0
FN:2916,console.log
FNDA:0,console.log
DA:2922,0
FN:2925,console.log
FNDA:0,console.log
DA:2931,0
FN:2934,console.log
FNDA:0,console.log
DA:2940,0
FN:2943,console.log
FNDA:0,console.log
DA:2949,0
FN:2952,console.log
FNDA:0,console.log
DA:2958,0
FN:2961,console.log
FNDA:0,console.log
DA:2967,0
FN:2970,console.log
FNDA:0,console.log
DA:2976,0
FN:2979,console.log
FNDA:0,console.log
DA:2985,0
FN:2988,console.log
FNDA:0,console.log
DA:2994,0
FN:2997,console.log
FNDA:0,console.log
DA:3003,0
FN:3006,console.log
FNDA:0,console.log
DA:3012,0
FN:3015,console.log
FNDA:0,console.log
DA:3021,0
FN:3024,console.log
FNDA:0,console.log
DA:3030,0
FN:3033,console.log
FNDA:0,console.log
DA:3039,0
FN:3042,console.log
FNDA:0,console.log
DA:3048,0
FN:3051,console.log
FNDA:0,console.log
DA:3057,0
FN:3060,console.log
FNDA:0,console.log
DA:3066,0
FN:3069,console.log
FNDA:0,console.log
DA:3075,0
FN:3078,console.log
FNDA:0,console.log
DA:3084,0
FN:3087,console.log
FNDA:0,console.log
DA:3093,0
FN:3096,console.log
FNDA:0,console.log
DA:3102,0
FN:3105,console.log
FNDA:0,console.log
DA:3111,0
FNF:385
FNH:0
LF:396
LH:0
BRF:0
BRH:0
end_of_record
TN:
SF:src/test/utils/Utilities.sol
FN:12,Utilities.getNextUserAddress
FNDA:165,Utilities.getNextUserAddress
DA:14,165
DA:15,165
DA:16,0
FN:20,Utilities.createUsers
FNDA:33,Utilities.createUsers
DA:21,33
DA:22,33
DA:23,165
DA:24,165
DA:25,165
DA:27,0
FN:31,Utilities.mineBlocks
FNDA:20,Utilities.mineBlocks
DA:32,20
DA:33,20
FNF:3
FNH:3
LF:11
LH:9
BRF:0
BRH:0
end_of_record
